<?xml version="1.0" encoding="UTF-8"?>
<testng-results skipped="0" failed="0" total="1" passed="1">
  <reporter-output>
  </reporter-output>
  <suite name="YT" duration-ms="27" started-at="2015-05-27T09:58:33Z" finished-at="2015-05-27T09:58:33Z">
    <groups>
    </groups>
    <test name="GURU99TestNGAnt" duration-ms="27" started-at="2015-05-27T09:58:33Z" finished-at="2015-05-27T09:58:33Z">
      <class name="testAnt.Guru99AntClass">
        <test-method status="PASS" signature="Guru99AntTestNGMethod()[pri:0, instance:testAnt.Guru99AntClass@3cd1f1c8]" name="Guru99AntTestNGMethod" duration-ms="17" started-at="2015-05-27T15:28:33Z" finished-at="2015-05-27T15:28:33Z">
          <reporter-output>
          </reporter-output>
        </test-method> <!-- Guru99AntTestNGMethod -->
      </class> <!-- testAnt.Guru99AntClass -->
    </test> <!-- GURU99TestNGAnt -->
  </suite> <!-- YT -->
</testng-results>
